<?xml version="1.0" encoding="UTF-8"?>
<!-- Generated by org.testng.reporters.JUnitXMLReporter -->
<testsuite ignored="0" hostname="LAPTOP-FHO7PONP" failures="0" tests="4" name="Test" time="0.064" errors="0" timestamp="2022-08-05T01:47:37 IST">
  <testcase classname="com.sauceDemo.VerifyTestClasses.BaseTestClass" name="@BeforeMethod setUP" time="-1.659644257065E9">
    <failure type="org.testng.TestNGException" message="
Parameter &amp;apos;browser&amp;apos; is required by BeforeMethod on method setUP but has not been marked @Optional or defined
in D:\automation testing\SauceDemoMaven\testng.xml">
      <![CDATA[org.testng.TestNGException: 
Parameter 'browser' is required by BeforeMethod on method setUP but has not been marked @Optional or defined
in D:\automation testing\SauceDemoMaven\testng.xml
at java.base/java.util.ArrayList.forEach(ArrayList.java:1511)
... Removed 28 stack frames]]>
    </failure>
  </testcase> <!-- @BeforeMethod setUP -->
  <testcase classname="com.sauceDemo.VerifyTestClasses.BaseTestClass" name="@AfterMethod tearDown" time="-1.65964425708E9">
    <skipped/>
  </testcase> <!-- @AfterMethod tearDown -->
  <testcase classname="com.sauceDemo.VerifyTestClasses.BaseTestClass" name="@BeforeMethod setUP" time="-1.659644257084E9">
    <failure type="org.testng.TestNGException" message="
Parameter &amp;apos;browser&amp;apos; is required by BeforeMethod on method setUP but has not been marked @Optional or defined
in D:\automation testing\SauceDemoMaven\testng.xml">
      <![CDATA[org.testng.TestNGException: 
Parameter 'browser' is required by BeforeMethod on method setUP but has not been marked @Optional or defined
in D:\automation testing\SauceDemoMaven\testng.xml
at java.base/java.util.ArrayList.forEach(ArrayList.java:1511)
... Removed 28 stack frames]]>
    </failure>
  </testcase> <!-- @BeforeMethod setUP -->
  <testcase classname="com.sauceDemo.VerifyTestClasses.BaseTestClass" name="@AfterMethod tearDown" time="-1.659644257088E9">
    <skipped/>
  </testcase> <!-- @AfterMethod tearDown -->
  <testcase classname="com.sauceDemo.VerifyTestClasses.BaseTestClass" name="@BeforeMethod setUP" time="-1.659644257091E9">
    <failure type="org.testng.TestNGException" message="
Parameter &amp;apos;browser&amp;apos; is required by BeforeMethod on method setUP but has not been marked @Optional or defined
in D:\automation testing\SauceDemoMaven\testng.xml">
      <![CDATA[org.testng.TestNGException: 
Parameter 'browser' is required by BeforeMethod on method setUP but has not been marked @Optional or defined
in D:\automation testing\SauceDemoMaven\testng.xml
at java.base/java.util.ArrayList.forEach(ArrayList.java:1511)
... Removed 28 stack frames]]>
    </failure>
  </testcase> <!-- @BeforeMethod setUP -->
  <testcase classname="com.sauceDemo.VerifyTestClasses.BaseTestClass" name="@AfterMethod tearDown" time="-1.659644257094E9">
    <skipped/>
  </testcase> <!-- @AfterMethod tearDown -->
  <testcase classname="com.sauceDemo.VerifyTestClasses.BaseTestClass" name="@BeforeMethod setUP" time="-1.659644257095E9">
    <failure type="org.testng.TestNGException" message="
Parameter &amp;apos;browser&amp;apos; is required by BeforeMethod on method setUP but has not been marked @Optional or defined
in D:\automation testing\SauceDemoMaven\testng.xml">
      <![CDATA[org.testng.TestNGException: 
Parameter 'browser' is required by BeforeMethod on method setUP but has not been marked @Optional or defined
in D:\automation testing\SauceDemoMaven\testng.xml
at java.base/java.util.ArrayList.forEach(ArrayList.java:1511)
... Removed 28 stack frames]]>
    </failure>
  </testcase> <!-- @BeforeMethod setUP -->
  <testcase classname="com.sauceDemo.VerifyTestClasses.BaseTestClass" name="@AfterMethod tearDown" time="-1.6596442571E9">
    <skipped/>
  </testcase> <!-- @AfterMethod tearDown -->
  <testcase classname="com.sauceDemo.VerifyTestClasses.TC001_VerifyLoginFunctionality" name="loginFuntionality" time="0.0">
    <skipped/>
  </testcase> <!-- loginFuntionality -->
  <testcase classname="com.sauceDemo.VerifyTestClasses.TC003_VerfiyBagProductAddtoCartFunctionality" name="bagProductAddTOCartFunctionality" time="0.0">
    <skipped/>
  </testcase> <!-- bagProductAddTOCartFunctionality -->
  <testcase classname="com.sauceDemo.VerifyTestClasses.TC002_VerifyLogOutFunctionality" name="logOutFunctionality" time="0.0">
    <skipped/>
  </testcase> <!-- logOutFunctionality -->
  <testcase classname="com.sauceDemo.VerifyTestClasses.TC004_VerifyMultipleproductAddtoCartFunctionality" name="mutipleProductAddToCartFunctionality" time="0.0">
    <skipped/>
  </testcase> <!-- mutipleProductAddToCartFunctionality -->
</testsuite> <!-- Test -->
