<!DOCTYPE html PUBLIC "-//W3C//DTD XHTML 1.1//EN" "https://www.w3.org/TR/xhtml11/DTD/xhtml11.dtd">
<html xmlns="https://www.w3.org/1999/xhtml">
<head>
<meta http-equiv="content-type" content="text/html; charset=UTF-8"/>
<title>TestNG Report</title>
<style type="text/css">table {margin-bottom:10px;border-collapse:collapse;empty-cells:show}th,td {border:1px solid #009;padding:.25em .5em}th {vertical-align:bottom}td {vertical-align:top}table a {font-weight:bold}.stripe td {background-color: #E6EBF9}.num {text-align:right}.passedodd td {background-color: #3F3}.passedeven td {background-color: #0A0}.skippedodd td {background-color: #DDD}.skippedeven td {background-color: #CCC}.failedodd td,.attn {background-color: #F33}.failedeven td,.stripe .attn {background-color: #D00}.stacktrace {white-space:pre;font-family:monospace}.totop {font-size:85%;text-align:center;border-bottom:2px solid #000}.invisible {display:none}</style>
</head>
<body>
<table>
<tr><th>Test</th><th># Passed</th><th># Skipped</th><th># Retried</th><th># Failed</th><th>Time (ms)</th><th>Included Groups</th><th>Excluded Groups</th></tr>
<tr><th colspan="8">Suite</th></tr>
<tr><td><a href="#t0">Test</a></td><td class="num">0</td><td class="num attn">4</td><td class="num">0</td><td class="num">0</td><td class="num">64</td><td></td><td></td></tr>
</table>
<table id='summary'><thead><tr><th>Class</th><th>Method</th><th>Start</th><th>Time (ms)</th></tr></thead><tbody><tr><th colspan="4">Suite</th></tr></tbody><tbody id="t0"><tr><th colspan="4">Test &#8212; failed (configuration methods)</th></tr><tr class="failedeven"><td rowspan="1">com.sauceDemo.VerifyTestClasses.TC001_VerifyLoginFunctionality</td><td><a href="#m0">setUP</a></td><td rowspan="1">1659644257065</td><td rowspan="1">-1659644257065</td></tr><tr class="failedodd"><td rowspan="1">com.sauceDemo.VerifyTestClasses.TC002_VerifyLogOutFunctionality</td><td><a href="#m1">setUP</a></td><td rowspan="1">1659644257091</td><td rowspan="1">-1659644257091</td></tr><tr class="failedeven"><td rowspan="1">com.sauceDemo.VerifyTestClasses.TC003_VerfiyBagProductAddtoCartFunctionality</td><td><a href="#m2">setUP</a></td><td rowspan="1">1659644257084</td><td rowspan="1">-1659644257084</td></tr><tr class="failedodd"><td rowspan="1">com.sauceDemo.VerifyTestClasses.TC004_VerifyMultipleproductAddtoCartFunctionality</td><td><a href="#m3">setUP</a></td><td rowspan="1">1659644257095</td><td rowspan="1">-1659644257095</td></tr><tr><th colspan="4">Test &#8212; skipped (configuration methods)</th></tr><tr class="skippedeven"><td rowspan="1">com.sauceDemo.VerifyTestClasses.TC001_VerifyLoginFunctionality</td><td><a href="#m4">tearDown</a></td><td rowspan="1">1659644257080</td><td rowspan="1">-1659644257080</td></tr><tr class="skippedodd"><td rowspan="1">com.sauceDemo.VerifyTestClasses.TC002_VerifyLogOutFunctionality</td><td><a href="#m5">tearDown</a></td><td rowspan="1">1659644257094</td><td rowspan="1">-1659644257094</td></tr><tr class="skippedeven"><td rowspan="1">com.sauceDemo.VerifyTestClasses.TC003_VerfiyBagProductAddtoCartFunctionality</td><td><a href="#m6">tearDown</a></td><td rowspan="1">1659644257088</td><td rowspan="1">-1659644257088</td></tr><tr class="skippedodd"><td rowspan="1">com.sauceDemo.VerifyTestClasses.TC004_VerifyMultipleproductAddtoCartFunctionality</td><td><a href="#m7">tearDown</a></td><td rowspan="1">1659644257100</td><td rowspan="1">-1659644257100</td></tr><tr><th colspan="4">Test &#8212; skipped</th></tr><tr class="skippedeven"><td rowspan="1">com.sauceDemo.VerifyTestClasses.TC001_VerifyLoginFunctionality</td><td><a href="#m8">loginFuntionality</a></td><td rowspan="1">1659644257074</td><td rowspan="1">0</td></tr><tr class="skippedodd"><td rowspan="1">com.sauceDemo.VerifyTestClasses.TC002_VerifyLogOutFunctionality</td><td><a href="#m9">logOutFunctionality</a></td><td rowspan="1">1659644257092</td><td rowspan="1">0</td></tr><tr class="skippedeven"><td rowspan="1">com.sauceDemo.VerifyTestClasses.TC003_VerfiyBagProductAddtoCartFunctionality</td><td><a href="#m10">bagProductAddTOCartFunctionality</a></td><td rowspan="1">1659644257085</td><td rowspan="1">0</td></tr><tr class="skippedodd"><td rowspan="1">com.sauceDemo.VerifyTestClasses.TC004_VerifyMultipleproductAddtoCartFunctionality</td><td><a href="#m11">mutipleProductAddToCartFunctionality</a></td><td rowspan="1">1659644257097</td><td rowspan="1">0</td></tr></tbody>
</table>
<h2>Test</h2><h3 id="m0">com.sauceDemo.VerifyTestClasses.TC001_VerifyLoginFunctionality#setUP</h3><table class="result"><tr><th>Exception</th></tr><tr><td><div class="stacktrace">org.testng.TestNGException: 
Parameter &apos;browser&apos; is required by BeforeMethod on method setUP but has not been marked @Optional or defined
in D:\automation testing\SauceDemoMaven\testng.xml
	at java.base/java.util.ArrayList.forEach(ArrayList.java:1511)
... Removed 28 stack frames</div></td></tr></table><p class="totop"><a href="#summary">back to summary</a></p>
<h3 id="m1">com.sauceDemo.VerifyTestClasses.TC002_VerifyLogOutFunctionality#setUP</h3><table class="result"><tr><th>Exception</th></tr><tr><td><div class="stacktrace">org.testng.TestNGException: 
Parameter &apos;browser&apos; is required by BeforeMethod on method setUP but has not been marked @Optional or defined
in D:\automation testing\SauceDemoMaven\testng.xml
	at java.base/java.util.ArrayList.forEach(ArrayList.java:1511)
... Removed 28 stack frames</div></td></tr></table><p class="totop"><a href="#summary">back to summary</a></p>
<h3 id="m2">com.sauceDemo.VerifyTestClasses.TC003_VerfiyBagProductAddtoCartFunctionality#setUP</h3><table class="result"><tr><th>Exception</th></tr><tr><td><div class="stacktrace">org.testng.TestNGException: 
Parameter &apos;browser&apos; is required by BeforeMethod on method setUP but has not been marked @Optional or defined
in D:\automation testing\SauceDemoMaven\testng.xml
	at java.base/java.util.ArrayList.forEach(ArrayList.java:1511)
... Removed 28 stack frames</div></td></tr></table><p class="totop"><a href="#summary">back to summary</a></p>
<h3 id="m3">com.sauceDemo.VerifyTestClasses.TC004_VerifyMultipleproductAddtoCartFunctionality#setUP</h3><table class="result"><tr><th>Exception</th></tr><tr><td><div class="stacktrace">org.testng.TestNGException: 
Parameter &apos;browser&apos; is required by BeforeMethod on method setUP but has not been marked @Optional or defined
in D:\automation testing\SauceDemoMaven\testng.xml
	at java.base/java.util.ArrayList.forEach(ArrayList.java:1511)
... Removed 28 stack frames</div></td></tr></table><p class="totop"><a href="#summary">back to summary</a></p>
<h3 id="m4">com.sauceDemo.VerifyTestClasses.TC001_VerifyLoginFunctionality#tearDown</h3><table class="result"><tr><th class="invisible"/></tr></table><p class="totop"><a href="#summary">back to summary</a></p>
<h3 id="m5">com.sauceDemo.VerifyTestClasses.TC002_VerifyLogOutFunctionality#tearDown</h3><table class="result"><tr><th class="invisible"/></tr></table><p class="totop"><a href="#summary">back to summary</a></p>
<h3 id="m6">com.sauceDemo.VerifyTestClasses.TC003_VerfiyBagProductAddtoCartFunctionality#tearDown</h3><table class="result"><tr><th class="invisible"/></tr></table><p class="totop"><a href="#summary">back to summary</a></p>
<h3 id="m7">com.sauceDemo.VerifyTestClasses.TC004_VerifyMultipleproductAddtoCartFunctionality#tearDown</h3><table class="result"><tr><th class="invisible"/></tr></table><p class="totop"><a href="#summary">back to summary</a></p>
<h3 id="m8">com.sauceDemo.VerifyTestClasses.TC001_VerifyLoginFunctionality#loginFuntionality</h3><table class="result"><tr><th>Exception</th></tr><tr><td><div class="stacktrace">org.testng.TestNGException: 
Parameter &apos;browser&apos; is required by BeforeMethod on method setUP but has not been marked @Optional or defined
in D:\automation testing\SauceDemoMaven\testng.xml
	at java.base/java.util.ArrayList.forEach(ArrayList.java:1511)
... Removed 28 stack frames</div></td></tr></table><p class="totop"><a href="#summary">back to summary</a></p>
<h3 id="m9">com.sauceDemo.VerifyTestClasses.TC002_VerifyLogOutFunctionality#logOutFunctionality</h3><table class="result"><tr><th>Exception</th></tr><tr><td><div class="stacktrace">org.testng.TestNGException: 
Parameter &apos;browser&apos; is required by BeforeMethod on method setUP but has not been marked @Optional or defined
in D:\automation testing\SauceDemoMaven\testng.xml
	at java.base/java.util.ArrayList.forEach(ArrayList.java:1511)
... Removed 28 stack frames</div></td></tr></table><p class="totop"><a href="#summary">back to summary</a></p>
<h3 id="m10">com.sauceDemo.VerifyTestClasses.TC003_VerfiyBagProductAddtoCartFunctionality#bagProductAddTOCartFunctionality</h3><table class="result"><tr><th>Exception</th></tr><tr><td><div class="stacktrace">org.testng.TestNGException: 
Parameter &apos;browser&apos; is required by BeforeMethod on method setUP but has not been marked @Optional or defined
in D:\automation testing\SauceDemoMaven\testng.xml
	at java.base/java.util.ArrayList.forEach(ArrayList.java:1511)
... Removed 28 stack frames</div></td></tr></table><p class="totop"><a href="#summary">back to summary</a></p>
<h3 id="m11">com.sauceDemo.VerifyTestClasses.TC004_VerifyMultipleproductAddtoCartFunctionality#mutipleProductAddToCartFunctionality</h3><table class="result"><tr><th>Exception</th></tr><tr><td><div class="stacktrace">org.testng.TestNGException: 
Parameter &apos;browser&apos; is required by BeforeMethod on method setUP but has not been marked @Optional or defined
in D:\automation testing\SauceDemoMaven\testng.xml
	at java.base/java.util.ArrayList.forEach(ArrayList.java:1511)
... Removed 28 stack frames</div></td></tr></table><p class="totop"><a href="#summary">back to summary</a></p>
</body>
</html>
